[LOG] System::create                           : Header version = 2.00.10. Current version = 2.00.10.
[LOG] Manager::init                            : maxchannels = 256 studioflags = 00000006 flags 00000000 extradriverdata 0000000000000000.
[LOG] SystemI::init                            : Initialize version=20010 (110198), maxchannels=256, flags=0x00020000
[LOG] SystemI::setOutputInternal               : Setting output to 'FMOD WASAPI Output'
[LOG] OutputWASAPI::init                       : Mix Format (WAVEFORMATEX): wFormatTag=0xFFFE, nChannels=2, nSamplesPerSec=44100, nAvgBytesPerSec=352800, nBlockAlign=8, wBitsPerSample=32, cbSize=22.
[LOG] OutputWASAPI::init                       : Mix Format (WAVEFORMATEXTENSIBLE): wValidBitsPerSample=32, dwChannelMask=0x00000003, SubFormat=00000003-0000-0010-8000-00AA00389B71.
[LOG] OutputWASAPI::init                       : Output buffer size: 3760 samples, latency: 0.00ms, period: 10.00ms, DSP buffer: 1024 * 4
[WRN] SystemI::init                            : Output requires a sample rate of 44100Hz, resampling will occur.
[LOG] Thread::initThread                       : Init FMOD stream thread. Priority: 2, Stack Size: 98304, Semaphore: No, Sleep Time: 10, Looping: Yes.
[LOG] Thread::initThread                       : Init FMOD mixer thread. Priority: 3, Stack Size: 81920, Semaphore: No, Sleep Time: 0, Looping: Yes.
[LOG] AsyncManager::init                       : manager 00000243E143D1C8 isAsync 0 updatePeriod 0.02
[LOG] AsyncManager::init                       : done
[LOG] PlaybackSystem::init                     : 
[LOG] Thread::initThread                       : Init FMOD Studio sample load thread. Priority: 0, Stack Size: 98304, Semaphore: No, Sleep Time: 1, Looping: No.
[LOG] PlaybackSystem::init                     : done
[LOG] Thread::initThread                       : Init FMOD Studio bank load thread. Priority: 0, Stack Size: 98304, Semaphore: No, Sleep Time: 1, Looping: No.
[LOG] Manager::init                            : done.
[LOG] Manager::readBank                        : fileversion = 125, compatVersion = 119 (oldest = 44, newest = 125)
[LOG] Manager::readBank                        : fileversion = 125, compatVersion = 119 (oldest = 44, newest = 125)
[LOG] Manager::readBank                        : fileversion = 125, compatVersion = 119 (oldest = 44, newest = 125)
[LOG] PlaybackSystem::acquireMasterBus         : Setting master channel group format to 6
[LOG] Manager::readBank                        : fileversion = 125, compatVersion = 119 (oldest = 44, newest = 125)
[LOG] Manager::readBank                        : fileversion = 125, compatVersion = 119 (oldest = 44, newest = 125)
[LOG] SystemI::createSound                     : filename = FmodProj\Build\Desktop/Master.bank : mode 02010082
[LOG] SystemI::createSound                     : FMOD_NONBLOCKING specified.  Putting into queue to be opened asynchronously!
[LOG] Thread::initThread                       : Init FMOD nonblocking thread (0). Priority: 1, Stack Size: 114688, Semaphore: Yes, Sleep Time: 0, Looping: Yes.
[LOG] SystemI::createSound                     : setdata soundi = 00000243E6112B18 : node = 00000243877A0360
[LOG] SystemI::createSound                     : add node to async list : head = 0000024333BB47D8.  list count = 0
[LOG] AsyncThread::threadFunc                  : Starting Asynchronous operation on sound 00000243E6112B18
[LOG] SystemI::createSoundInternal             :     Create name='FmodProj\Build\Desktop/Master.bank', mode=0x02010082
[LOG] SystemI::createSoundInternal             :     exinfo->cbsize             = 224
[LOG] SystemI::createSoundInternal             :     exinfo->length             = 14120576
[LOG] SystemI::createSoundInternal             :     exinfo->fileoffset         = 17440
[LOG] SystemI::createSoundInternal             :     exinfo->numsubsounds       = 1
[LOG] SystemI::createSoundInternal             :     exinfo->inclusionlist      = 00000243877A0470
[LOG] SystemI::createSoundInternal             :     exinfo->inclusionlistnum   = 1
[LOG] SystemI::createSoundInternal             :     exinfo->suggestedsoundtype = 5
[LOG] SystemI::createSoundInternal             :     exinfo->initialseekpostype = 1
[LOG] SystemI::createSoundInternal             :     Stream 0/1: name='伴奏 Dec 22', format=2, channels=2, frequency=48000, lengthbytes=2810912, lengthpcm=10241280, pcmblocksize=0, loopstart=0, loopend=0, mode=0x00000000, channelmask=0x00000000, channelorder=0, peakvolume=0.999969.
[LOG] Thread::initThread                       :     Init FMOD file thread. Priority: 1, Stack Size: 49152, Semaphore: No, Sleep Time: 10, Looping: Yes.
[LOG] AsyncThread::threadFunc                  : Finished Asynchronous operation on sound 00000243E6112B18
[LOG] SoundI::getSubSound                      : sound 00000243E6112B18.  Subsound index 0 / 1
[LOG] SystemI::createSound                     : filename = FmodProj\Build\Desktop/Master.bank : mode 02010082
[LOG] SystemI::createSound                     : FMOD_NONBLOCKING specified.  Putting into queue to be opened asynchronously!
[LOG] SystemI::createSound                     : setdata soundi = 00000243E5B93C78 : node = 000002438798A190
[LOG] SystemI::createSound                     : add node to async list : head = 0000024333BB47D8.  list count = 0
[LOG] AsyncThread::threadFunc                  : Starting Asynchronous operation on sound 00000243E5B93C78
[LOG] SystemI::createSoundInternal             :     Create name='FmodProj\Build\Desktop/Master.bank', mode=0x02010082
[LOG] SystemI::createSoundInternal             :     exinfo->cbsize             = 224
[LOG] SystemI::createSoundInternal             :     exinfo->length             = 14120576
[LOG] SystemI::createSoundInternal             :     exinfo->fileoffset         = 17440
[LOG] SystemI::createSoundInternal             :     exinfo->numsubsounds       = 1
[LOG] SystemI::createSoundInternal             :     exinfo->inclusionlist      = 000002438798A2A0
[LOG] SystemI::createSoundInternal             :     exinfo->inclusionlistnum   = 1
[LOG] SystemI::createSoundInternal             :     exinfo->suggestedsoundtype = 5
[LOG] SystemI::createSoundInternal             :     exinfo->initialseekposition = 1005
[LOG] SystemI::createSoundInternal             :     exinfo->initialseekpostype = 1
[LOG] SystemI::createSoundInternal             :     Stream 0/1: name='伴奏 Dec 22', format=2, channels=2, frequency=48000, lengthbytes=2810912, lengthpcm=10241280, pcmblocksize=0, loopstart=0, loopend=0, mode=0x00000000, channelmask=0x00000000, channelorder=0, peakvolume=0.999969.
[LOG] AsyncThread::threadFunc                  : Finished Asynchronous operation on sound 00000243E5B93C78
[LOG] SoundI::getSubSound                      : sound 00000243E5B93C78.  Subsound index 0 / 1
[LOG] SoundI::release                          : 伴奏 Dec 22 (00000243E6112B18)
[LOG] SoundI::release                          :     伴奏 Dec 22 (0000024333BB5048)
[LOG] SoundI::release                          :     伴奏 Dec 22 (00000243E4952C98)
[LOG] SystemI::createSound                     : filename = FmodProj\Build\Desktop/Master.bank : mode 02010082
[LOG] SystemI::createSound                     : FMOD_NONBLOCKING specified.  Putting into queue to be opened asynchronously!
[LOG] SystemI::createSound                     : setdata soundi = 0000024381A25908 : node = 000002438798A2D0
[LOG] SystemI::createSound                     : add node to async list : head = 0000024333BB47D8.  list count = 0
[LOG] AsyncThread::threadFunc                  : Starting Asynchronous operation on sound 0000024381A25908
[LOG] SystemI::createSoundInternal             :     Create name='FmodProj\Build\Desktop/Master.bank', mode=0x02010082
[LOG] SystemI::createSoundInternal             :     exinfo->cbsize             = 224
[LOG] SystemI::createSoundInternal             :     exinfo->length             = 14120576
[LOG] SystemI::createSoundInternal             :     exinfo->fileoffset         = 17440
[LOG] SystemI::createSoundInternal             :     exinfo->numsubsounds       = 1
[LOG] SystemI::createSoundInternal             :     exinfo->inclusionlist      = 000002438798A3E0
[LOG] SystemI::createSoundInternal             :     exinfo->inclusionlistnum   = 1
[LOG] SystemI::createSoundInternal             :     exinfo->suggestedsoundtype = 5
[LOG] SystemI::createSoundInternal             :     exinfo->initialseekposition = 2009
[LOG] SystemI::createSoundInternal             :     exinfo->initialseekpostype = 1
[LOG] SystemI::createSoundInternal             :     Stream 0/1: name='伴奏 Dec 22', format=2, channels=2, frequency=48000, lengthbytes=2810912, lengthpcm=10241280, pcmblocksize=0, loopstart=0, loopend=0, mode=0x00000000, channelmask=0x00000000, channelorder=0, peakvolume=0.999969.
[LOG] AsyncThread::threadFunc                  : Finished Asynchronous operation on sound 0000024381A25908
[LOG] SoundI::getSubSound                      : sound 0000024381A25908.  Subsound index 0 / 1
[LOG] SoundI::release                          : 伴奏 Dec 22 (00000243E5B93C78)
[LOG] SoundI::release                          :     伴奏 Dec 22 (0000024333BB51E8)
[LOG] SoundI::release                          :     伴奏 Dec 22 (000002433755FA98)
[LOG] SystemI::createSound                     : filename = FmodProj\Build\Desktop/Master.bank : mode 02010082
[LOG] SystemI::createSound                     : FMOD_NONBLOCKING specified.  Putting into queue to be opened asynchronously!
[LOG] SystemI::createSound                     : setdata soundi = 0000024381A255A8 : node = 0000024387989F10
[LOG] SystemI::createSound                     : add node to async list : head = 0000024333BB47D8.  list count = 0
[LOG] AsyncThread::threadFunc                  : Starting Asynchronous operation on sound 0000024381A255A8
[LOG] SystemI::createSoundInternal             :     Create name='FmodProj\Build\Desktop/Master.bank', mode=0x02010082
[LOG] SystemI::createSoundInternal             :     exinfo->cbsize             = 224
[LOG] SystemI::createSoundInternal             :     exinfo->length             = 14120576
[LOG] SystemI::createSoundInternal             :     exinfo->fileoffset         = 17440
[LOG] SystemI::createSoundInternal             :     exinfo->numsubsounds       = 1
[LOG] SystemI::createSoundInternal             :     exinfo->inclusionlist      = 000002438798A020
[LOG] SystemI::createSoundInternal             :     exinfo->inclusionlistnum   = 1
[LOG] SystemI::createSoundInternal             :     exinfo->suggestedsoundtype = 5
[LOG] SystemI::createSoundInternal             :     exinfo->initialseekposition = 3011
[LOG] SystemI::createSoundInternal             :     exinfo->initialseekpostype = 1
[LOG] SystemI::createSoundInternal             :     Stream 0/1: name='伴奏 Dec 22', format=2, channels=2, frequency=48000, lengthbytes=2810912, lengthpcm=10241280, pcmblocksize=0, loopstart=0, loopend=0, mode=0x00000000, channelmask=0x00000000, channelorder=0, peakvolume=0.999969.
[LOG] AsyncThread::threadFunc                  : Finished Asynchronous operation on sound 0000024381A255A8
[LOG] SoundI::getSubSound                      : sound 0000024381A255A8.  Subsound index 0 / 1
[LOG] SoundI::release                          : 伴奏 Dec 22 (0000024381A25908)
[LOG] SoundI::release                          :     伴奏 Dec 22 (0000024333BB5048)
[LOG] SoundI::release                          :     伴奏 Dec 22 (000002433755FDF8)
[LOG] SystemI::createSound                     : filename = FmodProj\Build\Desktop/Master.bank : mode 02010082
[LOG] SystemI::createSound                     : FMOD_NONBLOCKING specified.  Putting into queue to be opened asynchronously!
[LOG] SystemI::createSound                     : setdata soundi = 0000024381A25FC8 : node = 000002438798A2D0
[LOG] SystemI::createSound                     : add node to async list : head = 0000024333BB47D8.  list count = 0
[LOG] AsyncThread::threadFunc                  : Starting Asynchronous operation on sound 0000024381A25FC8
[LOG] SystemI::createSoundInternal             :     Create name='FmodProj\Build\Desktop/Master.bank', mode=0x02010082
[LOG] SystemI::createSoundInternal             :     exinfo->cbsize             = 224
[LOG] SystemI::createSoundInternal             :     exinfo->length             = 14120576
[LOG] SystemI::createSoundInternal             :     exinfo->fileoffset         = 17440
[LOG] SystemI::createSoundInternal             :     exinfo->numsubsounds       = 1
[LOG] SystemI::createSoundInternal             :     exinfo->inclusionlist      = 000002438798A3E0
[LOG] SystemI::createSoundInternal             :     exinfo->inclusionlistnum   = 1
[LOG] SystemI::createSoundInternal             :     exinfo->suggestedsoundtype = 5
[LOG] SystemI::createSoundInternal             :     exinfo->initialseekposition = 4016
[LOG] SystemI::createSoundInternal             :     exinfo->initialseekpostype = 1
[LOG] SystemI::createSoundInternal             :     Stream 0/1: name='伴奏 Dec 22', format=2, channels=2, frequency=48000, lengthbytes=2810912, lengthpcm=10241280, pcmblocksize=0, loopstart=0, loopend=0, mode=0x00000000, channelmask=0x00000000, channelorder=0, peakvolume=0.999969.
[LOG] AsyncThread::threadFunc                  : Finished Asynchronous operation on sound 0000024381A25FC8
[LOG] SoundI::getSubSound                      : sound 0000024381A25FC8.  Subsound index 0 / 1
[LOG] SoundI::release                          : 伴奏 Dec 22 (0000024381A255A8)
[LOG] SoundI::release                          :     伴奏 Dec 22 (0000024333BAFA28)
[LOG] SoundI::release                          :     伴奏 Dec 22 (000002438C47B4F8)
[LOG] SystemI::createSound                     : filename = FmodProj\Build\Desktop/Master.bank : mode 02010082
[LOG] SystemI::createSound                     : FMOD_NONBLOCKING specified.  Putting into queue to be opened asynchronously!
[LOG] SystemI::createSound                     : setdata soundi = 0000024381A25AB8 : node = 000002438798A190
[LOG] SystemI::createSound                     : add node to async list : head = 0000024333BB47D8.  list count = 0
[LOG] AsyncThread::threadFunc                  : Starting Asynchronous operation on sound 0000024381A25AB8
[LOG] SystemI::createSoundInternal             :     Create name='FmodProj\Build\Desktop/Master.bank', mode=0x02010082
[LOG] SystemI::createSoundInternal             :     exinfo->cbsize             = 224
[LOG] SystemI::createSoundInternal             :     exinfo->length             = 14120576
[LOG] SystemI::createSoundInternal             :     exinfo->fileoffset         = 17440
[LOG] SystemI::createSoundInternal             :     exinfo->numsubsounds       = 1
[LOG] SystemI::createSoundInternal             :     exinfo->inclusionlist      = 000002438798A2A0
[LOG] SystemI::createSoundInternal             :     exinfo->inclusionlistnum   = 1
[LOG] SystemI::createSoundInternal             :     exinfo->suggestedsoundtype = 5
[LOG] SystemI::createSoundInternal             :     exinfo->initialseekposition = 5022
[LOG] SystemI::createSoundInternal             :     exinfo->initialseekpostype = 1
[LOG] SystemI::createSoundInternal             :     Stream 0/1: name='伴奏 Dec 22', format=2, channels=2, frequency=48000, lengthbytes=2810912, lengthpcm=10241280, pcmblocksize=0, loopstart=0, loopend=0, mode=0x00000000, channelmask=0x00000000, channelorder=0, peakvolume=0.999969.
[LOG] AsyncThread::threadFunc                  : Finished Asynchronous operation on sound 0000024381A25AB8
[LOG] SoundI::getSubSound                      : sound 0000024381A25AB8.  Subsound index 0 / 1
[LOG] SoundI::release                          : 伴奏 Dec 22 (0000024381A25FC8)
[LOG] SoundI::release                          :     伴奏 Dec 22 (0000024333BB5048)
[LOG] SoundI::release                          :     伴奏 Dec 22 (000002438C47B348)
[LOG] SystemI::createSound                     : filename = FmodProj\Build\Desktop/Master.bank : mode 02010082
[LOG] SystemI::createSound                     : FMOD_NONBLOCKING specified.  Putting into queue to be opened asynchronously!
[LOG] SystemI::createSound                     : setdata soundi = 000002433755E9B8 : node = 00000243E5915BE0
[LOG] SystemI::createSound                     : add node to async list : head = 0000024333BB47D8.  list count = 0
[LOG] AsyncThread::threadFunc                  : Starting Asynchronous operation on sound 000002433755E9B8
[LOG] SystemI::createSoundInternal             :     Create name='FmodProj\Build\Desktop/Master.bank', mode=0x02010082
[LOG] SystemI::createSoundInternal             :     exinfo->cbsize             = 224
[LOG] SystemI::createSoundInternal             :     exinfo->length             = 14120576
[LOG] SystemI::createSoundInternal             :     exinfo->fileoffset         = 17440
[LOG] SystemI::createSoundInternal             :     exinfo->numsubsounds       = 1
[LOG] SystemI::createSoundInternal             :     exinfo->inclusionlist      = 00000243E5915CF0
[LOG] SystemI::createSoundInternal             :     exinfo->inclusionlistnum   = 1
[LOG] SystemI::createSoundInternal             :     exinfo->suggestedsoundtype = 5
[LOG] SystemI::createSoundInternal             :     exinfo->initialseekposition = 6025
[LOG] SystemI::createSoundInternal             :     exinfo->initialseekpostype = 1
[LOG] SystemI::createSoundInternal             :     Stream 0/1: name='伴奏 Dec 22', format=2, channels=2, frequency=48000, lengthbytes=2810912, lengthpcm=10241280, pcmblocksize=0, loopstart=0, loopend=0, mode=0x00000000, channelmask=0x00000000, channelorder=0, peakvolume=0.999969.
[LOG] AsyncThread::threadFunc                  : Finished Asynchronous operation on sound 000002433755E9B8
[LOG] SoundI::getSubSound                      : sound 000002433755E9B8.  Subsound index 0 / 1
[LOG] SoundI::release                          : 伴奏 Dec 22 (0000024381A25AB8)
[LOG] SoundI::release                          :     伴奏 Dec 22 (0000024333BB51E8)
[LOG] SoundI::release                          :     伴奏 Dec 22 (000002433755FA98)
[LOG] SystemI::createSound                     : filename = FmodProj\Build\Desktop/Master.bank : mode 02010082
[LOG] SystemI::createSound                     : FMOD_NONBLOCKING specified.  Putting into queue to be opened asynchronously!
[LOG] SystemI::createSound                     : setdata soundi = 00000243814AD618 : node = 00000243E6542500
[LOG] SystemI::createSound                     : add node to async list : head = 0000024333BB47D8.  list count = 0
[LOG] AsyncThread::threadFunc                  : Starting Asynchronous operation on sound 00000243814AD618
[LOG] SystemI::createSoundInternal             :     Create name='FmodProj\Build\Desktop/Master.bank', mode=0x02010082
[LOG] SystemI::createSoundInternal             :     exinfo->cbsize             = 224
[LOG] SystemI::createSoundInternal             :     exinfo->length             = 14120576
[LOG] SystemI::createSoundInternal             :     exinfo->fileoffset         = 17440
[LOG] SystemI::createSoundInternal             :     exinfo->numsubsounds       = 1
[LOG] SystemI::createSoundInternal             :     exinfo->inclusionlist      = 00000243E6542610
[LOG] SystemI::createSoundInternal             :     exinfo->inclusionlistnum   = 1
[LOG] SystemI::createSoundInternal             :     exinfo->suggestedsoundtype = 5
[LOG] SystemI::createSoundInternal             :     exinfo->initialseekposition = 7035
[LOG] SystemI::createSoundInternal             :     exinfo->initialseekpostype = 1
[LOG] SystemI::createSoundInternal             :     Stream 0/1: name='伴奏 Dec 22', format=2, channels=2, frequency=48000, lengthbytes=2810912, lengthpcm=10241280, pcmblocksize=0, loopstart=0, loopend=0, mode=0x00000000, channelmask=0x00000000, channelorder=0, peakvolume=0.999969.
[LOG] AsyncThread::threadFunc                  : Finished Asynchronous operation on sound 00000243814AD618
[LOG] SoundI::getSubSound                      : sound 00000243814AD618.  Subsound index 0 / 1
[LOG] SoundI::release                          : 伴奏 Dec 22 (000002433755E9B8)
[LOG] SoundI::release                          :     伴奏 Dec 22 (0000024333BB1428)
[LOG] SoundI::release                          :     伴奏 Dec 22 (000002438C47B348)
[LOG] SystemI::createSound                     : filename = FmodProj\Build\Desktop/Master.bank : mode 02010082
[LOG] SystemI::createSound                     : FMOD_NONBLOCKING specified.  Putting into queue to be opened asynchronously!
[LOG] SystemI::createSound                     : setdata soundi = 00000243E49A2468 : node = 00000243E648DAD0
[LOG] SystemI::createSound                     : add node to async list : head = 0000024333BB47D8.  list count = 0
[LOG] AsyncThread::threadFunc                  : Starting Asynchronous operation on sound 00000243E49A2468
[LOG] SystemI::createSoundInternal             :     Create name='FmodProj\Build\Desktop/Master.bank', mode=0x02010082
[LOG] SystemI::createSoundInternal             :     exinfo->cbsize             = 224
[LOG] SystemI::createSoundInternal             :     exinfo->length             = 14120576
[LOG] SystemI::createSoundInternal             :     exinfo->fileoffset         = 17440
[LOG] SystemI::createSoundInternal             :     exinfo->numsubsounds       = 1
[LOG] SystemI::createSoundInternal             :     exinfo->inclusionlist      = 00000243E648DBE0
[LOG] SystemI::createSoundInternal             :     exinfo->inclusionlistnum   = 1
[LOG] SystemI::createSoundInternal             :     exinfo->suggestedsoundtype = 5
[LOG] SystemI::createSoundInternal             :     exinfo->initialseekposition = 8037
[LOG] SystemI::createSoundInternal             :     exinfo->initialseekpostype = 1
[LOG] SystemI::createSoundInternal             :     Stream 0/1: name='伴奏 Dec 22', format=2, channels=2, frequency=48000, lengthbytes=2810912, lengthpcm=10241280, pcmblocksize=0, loopstart=0, loopend=0, mode=0x00000000, channelmask=0x00000000, channelorder=0, peakvolume=0.999969.
[LOG] AsyncThread::threadFunc                  : Finished Asynchronous operation on sound 00000243E49A2468
[LOG] SoundI::getSubSound                      : sound 00000243E49A2468.  Subsound index 0 / 1
[LOG] SoundI::release                          : 伴奏 Dec 22 (00000243814AD618)
[LOG] SoundI::release                          :     伴奏 Dec 22 (0000024333BAFBC8)
[LOG] SoundI::release                          :     伴奏 Dec 22 (000002438C47B198)
[LOG] SystemI::createSound                     : filename = FmodProj\Build\Desktop/Master.bank : mode 02010082
[LOG] SystemI::createSound                     : FMOD_NONBLOCKING specified.  Putting into queue to be opened asynchronously!
[LOG] SystemI::createSound                     : setdata soundi = 000002433755FA98 : node = 00000243E5915960
[LOG] SystemI::createSound                     : add node to async list : head = 0000024333BB47D8.  list count = 0
[LOG] AsyncThread::threadFunc                  : Starting Asynchronous operation on sound 000002433755FA98
[LOG] SystemI::createSoundInternal             :     Create name='FmodProj\Build\Desktop/Master.bank', mode=0x02010082
[LOG] SystemI::createSoundInternal             :     exinfo->cbsize             = 224
[LOG] SystemI::createSoundInternal             :     exinfo->length             = 14120576
[LOG] SystemI::createSoundInternal             :     exinfo->fileoffset         = 17440
[LOG] SystemI::createSoundInternal             :     exinfo->numsubsounds       = 1
[LOG] SystemI::createSoundInternal             :     exinfo->inclusionlist      = 00000243E5915A70
[LOG] SystemI::createSoundInternal             :     exinfo->inclusionlistnum   = 1
[LOG] SystemI::createSoundInternal             :     exinfo->suggestedsoundtype = 5
[LOG] SystemI::createSoundInternal             :     exinfo->initialseekposition = 9039
[LOG] SystemI::createSoundInternal             :     exinfo->initialseekpostype = 1
[LOG] SystemI::createSoundInternal             :     Stream 0/1: name='伴奏 Dec 22', format=2, channels=2, frequency=48000, lengthbytes=2810912, lengthpcm=10241280, pcmblocksize=0, loopstart=0, loopend=0, mode=0x00000000, channelmask=0x00000000, channelorder=0, peakvolume=0.999969.
[LOG] AsyncThread::threadFunc                  : Finished Asynchronous operation on sound 000002433755FA98
[LOG] SoundI::getSubSound                      : sound 000002433755FA98.  Subsound index 0 / 1
[LOG] SoundI::release                          : 伴奏 Dec 22 (00000243E49A2468)
[LOG] SoundI::release                          :     伴奏 Dec 22 (0000024333BB51E8)
[LOG] SoundI::release                          :     伴奏 Dec 22 (000002433755E9B8)
[LOG] SystemI::createSound                     : filename = FmodProj\Build\Desktop/Master.bank : mode 02010082
[LOG] SystemI::createSound                     : FMOD_NONBLOCKING specified.  Putting into queue to be opened asynchronously!
[LOG] SystemI::createSound                     : setdata soundi = 00000243814AD108 : node = 00000243E65428C0
[LOG] SystemI::createSound                     : add node to async list : head = 0000024333BB47D8.  list count = 0
[LOG] AsyncThread::threadFunc                  : Starting Asynchronous operation on sound 00000243814AD108
[LOG] SystemI::createSoundInternal             :     Create name='FmodProj\Build\Desktop/Master.bank', mode=0x02010082
[LOG] SystemI::createSoundInternal             :     exinfo->cbsize             = 224
[LOG] SystemI::createSoundInternal             :     exinfo->length             = 14120576
[LOG] SystemI::createSoundInternal             :     exinfo->fileoffset         = 17440
[LOG] SystemI::createSoundInternal             :     exinfo->numsubsounds       = 1
[LOG] SystemI::createSoundInternal             :     exinfo->inclusionlist      = 00000243E65429D0
[LOG] SystemI::createSoundInternal             :     exinfo->inclusionlistnum   = 1
[LOG] SystemI::createSoundInternal             :     exinfo->suggestedsoundtype = 5
[LOG] SystemI::createSoundInternal             :     exinfo->initialseekposition = 10043
[LOG] SystemI::createSoundInternal             :     exinfo->initialseekpostype = 1
[LOG] SystemI::createSoundInternal             :     Stream 0/1: name='伴奏 Dec 22', format=2, channels=2, frequency=48000, lengthbytes=2810912, lengthpcm=10241280, pcmblocksize=0, loopstart=0, loopend=0, mode=0x00000000, channelmask=0x00000000, channelorder=0, peakvolume=0.999969.
[LOG] AsyncThread::threadFunc                  : Finished Asynchronous operation on sound 00000243814AD108
[LOG] SoundI::getSubSound                      : sound 00000243814AD108.  Subsound index 0 / 1
[LOG] SoundI::release                          : 伴奏 Dec 22 (000002433755FA98)
[LOG] SoundI::release                          :     伴奏 Dec 22 (0000024333BAFA28)
[LOG] SoundI::release                          :     伴奏 Dec 22 (000002438C47B348)
[LOG] SystemI::createSound                     : filename = FmodProj\Build\Desktop/Master.bank : mode 02010082
[LOG] SystemI::createSound                     : FMOD_NONBLOCKING specified.  Putting into queue to be opened asynchronously!
[LOG] SystemI::createSound                     : setdata soundi = 00000243E5B93C78 : node = 0000024387989F10
[LOG] SystemI::createSound                     : add node to async list : head = 0000024333BB47D8.  list count = 0
[LOG] AsyncThread::threadFunc                  : Starting Asynchronous operation on sound 00000243E5B93C78
[LOG] SystemI::createSoundInternal             :     Create name='FmodProj\Build\Desktop/Master.bank', mode=0x02010082
[LOG] SystemI::createSoundInternal             :     exinfo->cbsize             = 224
[LOG] SystemI::createSoundInternal             :     exinfo->length             = 14120576
[LOG] SystemI::createSoundInternal             :     exinfo->fileoffset         = 17440
[LOG] SystemI::createSoundInternal             :     exinfo->numsubsounds       = 1
[LOG] SystemI::createSoundInternal             :     exinfo->inclusionlist      = 000002438798A020
[LOG] SystemI::createSoundInternal             :     exinfo->inclusionlistnum   = 1
[LOG] SystemI::createSoundInternal             :     exinfo->suggestedsoundtype = 5
[LOG] SystemI::createSoundInternal             :     exinfo->initialseekposition = 11046
[LOG] SystemI::createSoundInternal             :     exinfo->initialseekpostype = 1
[LOG] SystemI::createSoundInternal             :     Stream 0/1: name='伴奏 Dec 22', format=2, channels=2, frequency=48000, lengthbytes=2810912, lengthpcm=10241280, pcmblocksize=0, loopstart=0, loopend=0, mode=0x00000000, channelmask=0x00000000, channelorder=0, peakvolume=0.999969.
[LOG] AsyncThread::threadFunc                  : Finished Asynchronous operation on sound 00000243E5B93C78
[LOG] SoundI::getSubSound                      : sound 00000243E5B93C78.  Subsound index 0 / 1
[LOG] SoundI::release                          : 伴奏 Dec 22 (00000243814AD108)
[LOG] SoundI::release                          :     伴奏 Dec 22 (0000024333BB1428)
[LOG] SoundI::release                          :     伴奏 Dec 22 (00000243E49A2468)
[LOG] SystemI::createSound                     : filename = FmodProj\Build\Desktop/Master.bank : mode 02010082
[LOG] SystemI::createSound                     : FMOD_NONBLOCKING specified.  Putting into queue to be opened asynchronously!
[LOG] SystemI::createSound                     : setdata soundi = 0000024387CB90B8 : node = 00000243817044C0
[LOG] SystemI::createSound                     : add node to async list : head = 0000024333BB47D8.  list count = 0
[LOG] AsyncThread::threadFunc                  : Starting Asynchronous operation on sound 0000024387CB90B8
[LOG] SystemI::createSoundInternal             :     Create name='FmodProj\Build\Desktop/Master.bank', mode=0x02010082
[LOG] SystemI::createSoundInternal             :     exinfo->cbsize             = 224
[LOG] SystemI::createSoundInternal             :     exinfo->length             = 14120576
[LOG] SystemI::createSoundInternal             :     exinfo->fileoffset         = 17440
[LOG] SystemI::createSoundInternal             :     exinfo->numsubsounds       = 1
[LOG] SystemI::createSoundInternal             :     exinfo->inclusionlist      = 00000243817045D0
[LOG] SystemI::createSoundInternal             :     exinfo->inclusionlistnum   = 1
[LOG] SystemI::createSoundInternal             :     exinfo->suggestedsoundtype = 5
[LOG] SystemI::createSoundInternal             :     exinfo->initialseekposition = 12050
[LOG] SystemI::createSoundInternal             :     exinfo->initialseekpostype = 1
[LOG] SystemI::createSoundInternal             :     Stream 0/1: name='伴奏 Dec 22', format=2, channels=2, frequency=48000, lengthbytes=2810912, lengthpcm=10241280, pcmblocksize=0, loopstart=0, loopend=0, mode=0x00000000, channelmask=0x00000000, channelorder=0, peakvolume=0.999969.
[LOG] AsyncThread::threadFunc                  : Finished Asynchronous operation on sound 0000024387CB90B8
[LOG] SoundI::getSubSound                      : sound 0000024387CB90B8.  Subsound index 0 / 1
[LOG] SoundI::release                          : 伴奏 Dec 22 (00000243E5B93C78)
[LOG] SoundI::release                          :     伴奏 Dec 22 (0000024333BAFA28)
[LOG] SoundI::release                          :     伴奏 Dec 22 (000002433755EB68)
[LOG] SystemI::createSound                     : filename = FmodProj\Build\Desktop/Master.bank : mode 02010082
[LOG] SystemI::createSound                     : FMOD_NONBLOCKING specified.  Putting into queue to be opened asynchronously!
[LOG] SystemI::createSound                     : setdata soundi = 00000243E5B93768 : node = 000002438798A050
[LOG] SystemI::createSound                     : add node to async list : head = 0000024333BB47D8.  list count = 0
[LOG] AsyncThread::threadFunc                  : Starting Asynchronous operation on sound 00000243E5B93768
[LOG] SystemI::createSoundInternal             :     Create name='FmodProj\Build\Desktop/Master.bank', mode=0x02010082
[LOG] SystemI::createSoundInternal             :     exinfo->cbsize             = 224
[LOG] SystemI::createSoundInternal             :     exinfo->length             = 14120576
[LOG] SystemI::createSoundInternal             :     exinfo->fileoffset         = 17440
[LOG] SystemI::createSoundInternal             :     exinfo->numsubsounds       = 1
[LOG] SystemI::createSoundInternal             :     exinfo->inclusionlist      = 000002438798A160
[LOG] SystemI::createSoundInternal             :     exinfo->inclusionlistnum   = 1
[LOG] SystemI::createSoundInternal             :     exinfo->suggestedsoundtype = 5
[LOG] SystemI::createSoundInternal             :     exinfo->initialseekposition = 13055
[LOG] SystemI::createSoundInternal             :     exinfo->initialseekpostype = 1
[LOG] SystemI::createSoundInternal             :     Stream 0/1: name='伴奏 Dec 22', format=2, channels=2, frequency=48000, lengthbytes=2810912, lengthpcm=10241280, pcmblocksize=0, loopstart=0, loopend=0, mode=0x00000000, channelmask=0x00000000, channelorder=0, peakvolume=0.999969.
[LOG] AsyncThread::threadFunc                  : Finished Asynchronous operation on sound 00000243E5B93768
[LOG] SoundI::getSubSound                      : sound 00000243E5B93768.  Subsound index 0 / 1
[LOG] SoundI::release                          : 伴奏 Dec 22 (0000024387CB90B8)
[LOG] SoundI::release                          :     伴奏 Dec 22 (0000024333BB1428)
[LOG] SoundI::release                          :     伴奏 Dec 22 (0000024337560668)
[LOG] SystemI::createSound                     : filename = FmodProj\Build\Desktop/Master.bank : mode 02010082
[LOG] SystemI::createSound                     : FMOD_NONBLOCKING specified.  Putting into queue to be opened asynchronously!
[LOG] SystemI::createSound                     : setdata soundi = 000002433755EB68 : node = 00000243E5915D20
[LOG] SystemI::createSound                     : add node to async list : head = 0000024333BB47D8.  list count = 0
[LOG] AsyncThread::threadFunc                  : Starting Asynchronous operation on sound 000002433755EB68
[LOG] SystemI::createSoundInternal             :     Create name='FmodProj\Build\Desktop/Master.bank', mode=0x02010082
[LOG] SystemI::createSoundInternal             :     exinfo->cbsize             = 224
[LOG] SystemI::createSoundInternal             :     exinfo->length             = 14120576
[LOG] SystemI::createSoundInternal             :     exinfo->fileoffset         = 17440
[LOG] SystemI::createSoundInternal             :     exinfo->numsubsounds       = 1
[LOG] SystemI::createSoundInternal             :     exinfo->inclusionlist      = 00000243E5915E30
[LOG] SystemI::createSoundInternal             :     exinfo->inclusionlistnum   = 1
[LOG] SystemI::createSoundInternal             :     exinfo->suggestedsoundtype = 5
[LOG] SystemI::createSoundInternal             :     exinfo->initialseekposition = 14055
[LOG] SystemI::createSoundInternal             :     exinfo->initialseekpostype = 1
[LOG] SystemI::createSoundInternal             :     Stream 0/1: name='伴奏 Dec 22', format=2, channels=2, frequency=48000, lengthbytes=2810912, lengthpcm=10241280, pcmblocksize=0, loopstart=0, loopend=0, mode=0x00000000, channelmask=0x00000000, channelorder=0, peakvolume=0.999969.
[LOG] AsyncThread::threadFunc                  : Finished Asynchronous operation on sound 000002433755EB68
[LOG] SoundI::getSubSound                      : sound 000002433755EB68.  Subsound index 0 / 1
[LOG] SoundI::release                          : 伴奏 Dec 22 (00000243E5B93768)
[LOG] SoundI::release                          :     伴奏 Dec 22 (0000024333BAFA28)
[LOG] SoundI::release                          :     伴奏 Dec 22 (000002433755ED18)
[LOG] SystemI::createSoundInternal             : Create name='', mode=0x02000202
[LOG] SystemI::createSoundInternal             : exinfo->cbsize             = 224
[LOG] SystemI::createSoundInternal             : exinfo->length             = 310624
[LOG] SystemI::createSoundInternal             : exinfo->fileoffset         = 33824
[LOG] SystemI::createSoundInternal             : exinfo->numsubsounds       = 1
[LOG] SystemI::createSoundInternal             : exinfo->inclusionlist      = 000000E6D977F04C
[LOG] SystemI::createSoundInternal             : exinfo->inclusionlistnum   = 1
[LOG] SystemI::createSoundInternal             : exinfo->suggestedsoundtype = 5
[LOG] SystemI::createSoundInternal             : exinfo->useropen           = 00007FF9D70CC2D0
[LOG] SystemI::createSoundInternal             : exinfo->userclose          = 00007FF9D70CC2A0
[LOG] SystemI::createSoundInternal             : exinfo->userread           = 00007FF9D70CC3A0
[LOG] SystemI::createSoundInternal             : exinfo->userseek           = 00007FF9D70CC460
[LOG] SystemI::createSoundInternal             : exinfo->fileuserdata       = 0000024336BB6198
[LOG] SystemI::createSoundInternal             : exinfo->initialseekpostype = 1
[LOG] SystemI::DSPCodecPoolRegister            : register codec pool for pool type 5
[LOG] SystemI::createSoundInternal             : Sample 0/1: name='g-3', format=2, channels=2, frequency=48000, lengthbytes=8352, lengthpcm=33854, pcmblocksize=0, loopstart=0, loopend=0, mode=0x00000000, channelmask=0x00000000, channelorder=0, peakvolume=0.056244.
[LOG] SystemI::createSound                     : filename = FmodProj\Build\Desktop/Master.bank : mode 02010082
[LOG] SystemI::createSound                     : FMOD_NONBLOCKING specified.  Putting into queue to be opened asynchronously!
[LOG] SystemI::createSound                     : setdata soundi = 0000024333C0F8D8 : node = 0000024384881F20
[LOG] SystemI::createSound                     : add node to async list : head = 0000024333BB47D8.  list count = 0
[LOG] AsyncThread::threadFunc                  : Starting Asynchronous operation on sound 0000024333C0F8D8
[LOG] SystemI::createSoundInternal             :     Create name='FmodProj\Build\Desktop/Master.bank', mode=0x02010082
[LOG] SystemI::createSoundInternal             :     exinfo->cbsize             = 224
[LOG] SystemI::createSoundInternal             :     exinfo->length             = 14120576
[LOG] SystemI::createSoundInternal             :     exinfo->fileoffset         = 17440
[LOG] SystemI::createSoundInternal             :     exinfo->numsubsounds       = 1
[LOG] SystemI::createSoundInternal             :     exinfo->inclusionlist      = 0000024384882030
[LOG] SystemI::createSoundInternal             :     exinfo->inclusionlistnum   = 1
[LOG] SystemI::createSoundInternal             :     exinfo->suggestedsoundtype = 5
[LOG] SystemI::createSoundInternal             :     exinfo->initialseekposition = 15060
[LOG] SystemI::createSoundInternal             :     exinfo->initialseekpostype = 1
[LOG] SystemI::createSoundInternal             :     Stream 0/1: name='伴奏 Dec 22', format=2, channels=2, frequency=48000, lengthbytes=2810912, lengthpcm=10241280, pcmblocksize=0, loopstart=0, loopend=0, mode=0x00000000, channelmask=0x00000000, channelorder=0, peakvolume=0.999969.
[LOG] AsyncThread::threadFunc                  : Finished Asynchronous operation on sound 0000024333C0F8D8
[LOG] SoundI::getSubSound                      : sound 0000024333C0F8D8.  Subsound index 0 / 1
[LOG] SoundI::release                          : 伴奏 Dec 22 (000002433755EB68)
[LOG] SoundI::release                          :     伴奏 Dec 22 (0000024333BAFBC8)
[LOG] SoundI::release                          :     伴奏 Dec 22 (00000243E49A2978)
[LOG] SystemI::createSoundInternal             : Create name='', mode=0x02000202
[LOG] SystemI::createSoundInternal             : exinfo->cbsize             = 224
[LOG] SystemI::createSoundInternal             : exinfo->length             = 310624
[LOG] SystemI::createSoundInternal             : exinfo->fileoffset         = 33824
[LOG] SystemI::createSoundInternal             : exinfo->numsubsounds       = 1
[LOG] SystemI::createSoundInternal             : exinfo->inclusionlist      = 000000E6D977F04C
[LOG] SystemI::createSoundInternal             : exinfo->inclusionlistnum   = 1
[LOG] SystemI::createSoundInternal             : exinfo->suggestedsoundtype = 5
[LOG] SystemI::createSoundInternal             : exinfo->useropen           = 00007FF9D70CC2D0
[LOG] SystemI::createSoundInternal             : exinfo->userclose          = 00007FF9D70CC2A0
[LOG] SystemI::createSoundInternal             : exinfo->userread           = 00007FF9D70CC3A0
[LOG] SystemI::createSoundInternal             : exinfo->userseek           = 00007FF9D70CC460
[LOG] SystemI::createSoundInternal             : exinfo->fileuserdata       = 00000243374C1F18
[LOG] SystemI::createSoundInternal             : exinfo->initialseekpostype = 1
[LOG] SystemI::DSPCodecPoolRegister            : register codec pool for pool type 5
[LOG] SystemI::createSoundInternal             : Sample 0/1: name='f4', format=2, channels=2, frequency=48000, lengthbytes=8416, lengthpcm=33854, pcmblocksize=0, loopstart=0, loopend=0, mode=0x00000000, channelmask=0x00000000, channelorder=0, peakvolume=0.054230.
[LOG] SystemI::createSound                     : filename = FmodProj\Build\Desktop/Master.bank : mode 02010082
[LOG] SystemI::createSound                     : FMOD_NONBLOCKING specified.  Putting into queue to be opened asynchronously!
[LOG] SystemI::createSound                     : setdata soundi = 00000243814AD7C8 : node = 00000243E6542A00
[LOG] SystemI::createSound                     : add node to async list : head = 0000024333BB47D8.  list count = 0
[LOG] AsyncThread::threadFunc                  : Starting Asynchronous operation on sound 00000243814AD7C8
[LOG] SystemI::createSoundInternal             :     Create name='FmodProj\Build\Desktop/Master.bank', mode=0x02010082
[LOG] SystemI::createSoundInternal             :     exinfo->cbsize             = 224
[LOG] SystemI::createSoundInternal             :     exinfo->length             = 14120576
[LOG] SystemI::createSoundInternal             :     exinfo->fileoffset         = 17440
[LOG] SystemI::createSoundInternal             :     exinfo->numsubsounds       = 1
[LOG] SystemI::createSoundInternal             :     exinfo->inclusionlist      = 00000243E6542B10
[LOG] SystemI::createSoundInternal             :     exinfo->inclusionlistnum   = 1
[LOG] SystemI::createSoundInternal             :     exinfo->suggestedsoundtype = 5
[LOG] SystemI::createSoundInternal             :     exinfo->initialseekposition = 16063
[LOG] SystemI::createSoundInternal             :     exinfo->initialseekpostype = 1
[LOG] SystemI::createSoundInternal             :     Stream 0/1: name='伴奏 Dec 22', format=2, channels=2, frequency=48000, lengthbytes=2810912, lengthpcm=10241280, pcmblocksize=0, loopstart=0, loopend=0, mode=0x00000000, channelmask=0x00000000, channelorder=0, peakvolume=0.999969.
[LOG] AsyncThread::threadFunc                  : Finished Asynchronous operation on sound 00000243814AD7C8
[LOG] SoundI::getSubSound                      : sound 00000243814AD7C8.  Subsound index 0 / 1
[LOG] SoundI::release                          : 伴奏 Dec 22 (0000024333C0F8D8)
[LOG] SoundI::release                          :     伴奏 Dec 22 (0000024333BB0A68)
[LOG] SoundI::release                          :     伴奏 Dec 22 (000002438C47B348)
[LOG] SystemI::createSoundInternal             : Create name='', mode=0x02000202
[LOG] SystemI::createSoundInternal             : exinfo->cbsize             = 224
[LOG] SystemI::createSoundInternal             : exinfo->length             = 310624
[LOG] SystemI::createSoundInternal             : exinfo->fileoffset         = 33824
[LOG] SystemI::createSoundInternal             : exinfo->numsubsounds       = 1
[LOG] SystemI::createSoundInternal             : exinfo->inclusionlist      = 000000E6D977F04C
[LOG] SystemI::createSoundInternal             : exinfo->inclusionlistnum   = 1
[LOG] SystemI::createSoundInternal             : exinfo->suggestedsoundtype = 5
[LOG] SystemI::createSoundInternal             : exinfo->useropen           = 00007FF9D70CC2D0
[LOG] SystemI::createSoundInternal             : exinfo->userclose          = 00007FF9D70CC2A0
[LOG] SystemI::createSoundInternal             : exinfo->userread           = 00007FF9D70CC3A0
[LOG] SystemI::createSoundInternal             : exinfo->userseek           = 00007FF9D70CC460
[LOG] SystemI::createSoundInternal             : exinfo->fileuserdata       = 00000243374C1F18
[LOG] SystemI::createSoundInternal             : exinfo->initialseekpostype = 1
[LOG] SystemI::DSPCodecPoolRegister            : register codec pool for pool type 5
[LOG] SystemI::createSoundInternal             : Sample 0/1: name='a4', format=2, channels=2, frequency=48000, lengthbytes=8320, lengthpcm=33854, pcmblocksize=0, loopstart=0, loopend=0, mode=0x00000000, channelmask=0x00000000, channelorder=0, peakvolume=0.056702.
[LOG] SystemI::createSound                     : filename = FmodProj\Build\Desktop/Master.bank : mode 02010082
[LOG] SystemI::createSound                     : FMOD_NONBLOCKING specified.  Putting into queue to be opened asynchronously!
[LOG] SystemI::createSound                     : setdata soundi = 00000243E49A2978 : node = 00000243E648DAD0
[LOG] SystemI::createSound                     : add node to async list : head = 0000024333BB47D8.  list count = 0
[LOG] AsyncThread::threadFunc                  : Starting Asynchronous operation on sound 00000243E49A2978
[LOG] SystemI::createSoundInternal             :     Create name='FmodProj\Build\Desktop/Master.bank', mode=0x02010082
[LOG] SystemI::createSoundInternal             :     exinfo->cbsize             = 224
[LOG] SystemI::createSoundInternal             :     exinfo->length             = 14120576
[LOG] SystemI::createSoundInternal             :     exinfo->fileoffset         = 17440
[LOG] SystemI::createSoundInternal             :     exinfo->numsubsounds       = 1
[LOG] SystemI::createSoundInternal             :     exinfo->inclusionlist      = 00000243E648DBE0
[LOG] SystemI::createSoundInternal             :     exinfo->inclusionlistnum   = 1
[LOG] SystemI::createSoundInternal             :     exinfo->suggestedsoundtype = 5
[LOG] SystemI::createSoundInternal             :     exinfo->initialseekposition = 17065
[LOG] SystemI::createSoundInternal             :     exinfo->initialseekpostype = 1
[LOG] SystemI::createSoundInternal             :     Stream 0/1: name='伴奏 Dec 22', format=2, channels=2, frequency=48000, lengthbytes=2810912, lengthpcm=10241280, pcmblocksize=0, loopstart=0, loopend=0, mode=0x00000000, channelmask=0x00000000, channelorder=0, peakvolume=0.999969.
[LOG] AsyncThread::threadFunc                  : Finished Asynchronous operation on sound 00000243E49A2978
[LOG] SoundI::getSubSound                      : sound 00000243E49A2978.  Subsound index 0 / 1
[LOG] SoundI::release                          : 伴奏 Dec 22 (00000243814AD7C8)
[LOG] SoundI::release                          :     伴奏 Dec 22 (0000024333BB1428)
[LOG] SoundI::release                          :     伴奏 Dec 22 (000002438C47B4F8)
[LOG] SystemI::createSoundInternal             : Create name='', mode=0x02000202
[LOG] SystemI::createSoundInternal             : exinfo->cbsize             = 224
[LOG] SystemI::createSoundInternal             : exinfo->length             = 310624
[LOG] SystemI::createSoundInternal             : exinfo->fileoffset         = 33824
[LOG] SystemI::createSoundInternal             : exinfo->numsubsounds       = 1
[LOG] SystemI::createSoundInternal             : exinfo->inclusionlist      = 000000E6D977F04C
[LOG] SystemI::createSoundInternal             : exinfo->inclusionlistnum   = 1
[LOG] SystemI::createSoundInternal             : exinfo->suggestedsoundtype = 5
[LOG] SystemI::createSoundInternal             : exinfo->useropen           = 00007FF9D70CC2D0
[LOG] SystemI::createSoundInternal             : exinfo->userclose          = 00007FF9D70CC2A0
[LOG] SystemI::createSoundInternal             : exinfo->userread           = 00007FF9D70CC3A0
[LOG] SystemI::createSoundInternal             : exinfo->userseek           = 00007FF9D70CC460
[LOG] SystemI::createSoundInternal             : exinfo->fileuserdata       = 00000243374C18E8
[LOG] SystemI::createSoundInternal             : exinfo->initialseekpostype = 1
[LOG] SystemI::DSPCodecPoolRegister            : register codec pool for pool type 5
[LOG] SystemI::createSoundInternal             : Sample 0/1: name='f-4', format=2, channels=2, frequency=48000, lengthbytes=8544, lengthpcm=33854, pcmblocksize=0, loopstart=0, loopend=0, mode=0x00000000, channelmask=0x00000000, channelorder=0, peakvolume=0.054901.
[LOG] SystemI::createSound                     : filename = FmodProj\Build\Desktop/Master.bank : mode 02010082
[LOG] SystemI::createSound                     : FMOD_NONBLOCKING specified.  Putting into queue to be opened asynchronously!
[LOG] SystemI::createSound                     : setdata soundi = 000002433755E9B8 : node = 00000243E5915BE0
[LOG] SystemI::createSound                     : add node to async list : head = 0000024333BB47D8.  list count = 0
[LOG] AsyncThread::threadFunc                  : Starting Asynchronous operation on sound 000002433755E9B8
[LOG] SystemI::createSoundInternal             :     Create name='FmodProj\Build\Desktop/Master.bank', mode=0x02010082
[LOG] SystemI::createSoundInternal             :     exinfo->cbsize             = 224
[LOG] SystemI::createSoundInternal             :     exinfo->length             = 14120576
[LOG] SystemI::createSoundInternal             :     exinfo->fileoffset         = 17440
[LOG] SystemI::createSoundInternal             :     exinfo->numsubsounds       = 1
[LOG] SystemI::createSoundInternal             :     exinfo->inclusionlist      = 00000243E5915CF0
[LOG] SystemI::createSoundInternal             :     exinfo->inclusionlistnum   = 1
[LOG] SystemI::createSoundInternal             :     exinfo->suggestedsoundtype = 5
[LOG] SystemI::createSoundInternal             :     exinfo->initialseekposition = 18071
[LOG] SystemI::createSoundInternal             :     exinfo->initialseekpostype = 1
[LOG] SystemI::createSoundInternal             :     Stream 0/1: name='伴奏 Dec 22', format=2, channels=2, frequency=48000, lengthbytes=2810912, lengthpcm=10241280, pcmblocksize=0, loopstart=0, loopend=0, mode=0x00000000, channelmask=0x00000000, channelorder=0, peakvolume=0.999969.
[LOG] AsyncThread::threadFunc                  : Finished Asynchronous operation on sound 000002433755E9B8
[LOG] SoundI::getSubSound                      : sound 000002433755E9B8.  Subsound index 0 / 1
[LOG] SoundI::release                          : 伴奏 Dec 22 (00000243E49A2978)
[LOG] SoundI::release                          :     伴奏 Dec 22 (0000024333BB1768)
[LOG] SoundI::release                          :     伴奏 Dec 22 (000002438C47B348)
[LOG] SystemI::createSoundInternal             : Create name='', mode=0x02000202
[LOG] SystemI::createSoundInternal             : exinfo->cbsize             = 224
[LOG] SystemI::createSoundInternal             : exinfo->length             = 310624
[LOG] SystemI::createSoundInternal             : exinfo->fileoffset         = 33824
[LOG] SystemI::createSoundInternal             : exinfo->numsubsounds       = 1
[LOG] SystemI::createSoundInternal             : exinfo->inclusionlist      = 000000E6D977F04C
[LOG] SystemI::createSoundInternal             : exinfo->inclusionlistnum   = 1
[LOG] SystemI::createSoundInternal             : exinfo->suggestedsoundtype = 5
[LOG] SystemI::createSoundInternal             : exinfo->useropen           = 00007FF9D70CC2D0
[LOG] SystemI::createSoundInternal             : exinfo->userclose          = 00007FF9D70CC2A0
[LOG] SystemI::createSoundInternal             : exinfo->userread           = 00007FF9D70CC3A0
[LOG] SystemI::createSoundInternal             : exinfo->userseek           = 00007FF9D70CC460
[LOG] SystemI::createSoundInternal             : exinfo->fileuserdata       = 00000243338D0608
[LOG] SystemI::createSoundInternal             : exinfo->initialseekpostype = 1
[LOG] SystemI::DSPCodecPoolRegister            : register codec pool for pool type 5
[LOG] SystemI::createSoundInternal             : Sample 0/1: name='d-4', format=2, channels=2, frequency=48000, lengthbytes=8608, lengthpcm=33854, pcmblocksize=0, loopstart=0, loopend=0, mode=0x00000000, channelmask=0x00000000, channelorder=0, peakvolume=0.057343.
[LOG] SystemI::createSoundInternal             : Create name='', mode=0x02000202
[LOG] SystemI::createSoundInternal             : exinfo->cbsize             = 224
[LOG] SystemI::createSoundInternal             : exinfo->length             = 310624
[LOG] SystemI::createSoundInternal             : exinfo->fileoffset         = 33824
[LOG] SystemI::createSoundInternal             : exinfo->numsubsounds       = 1
[LOG] SystemI::createSoundInternal             : exinfo->inclusionlist      = 000000E6D977F04C
[LOG] SystemI::createSoundInternal             : exinfo->inclusionlistnum   = 1
[LOG] SystemI::createSoundInternal             : exinfo->suggestedsoundtype = 5
[LOG] SystemI::createSoundInternal             : exinfo->useropen           = 00007FF9D70CC2D0
[LOG] SystemI::createSoundInternal             : exinfo->userclose          = 00007FF9D70CC2A0
[LOG] SystemI::createSoundInternal             : exinfo->userread           = 00007FF9D70CC3A0
[LOG] SystemI::createSoundInternal             : exinfo->userseek           = 00007FF9D70CC460
[LOG] SystemI::createSoundInternal             : exinfo->fileuserdata       = 000002437F7938C8
[LOG] SystemI::createSoundInternal             : exinfo->initialseekpostype = 1
[LOG] SystemI::DSPCodecPoolRegister            : register codec pool for pool type 5
[LOG] SystemI::createSoundInternal             : Sample 0/1: name='c-4', format=2, channels=2, frequency=48000, lengthbytes=8288, lengthpcm=33854, pcmblocksize=0, loopstart=0, loopend=0, mode=0x00000000, channelmask=0x00000000, channelorder=0, peakvolume=0.053711.
[LOG] SystemI::createSound                     : filename = FmodProj\Build\Desktop/Master.bank : mode 02010082
[LOG] SystemI::createSound                     : FMOD_NONBLOCKING specified.  Putting into queue to be opened asynchronously!
[LOG] SystemI::createSound                     : setdata soundi = 000002433804FEF8 : node = 0000024335340350
[LOG] SystemI::createSound                     : add node to async list : head = 0000024333BB47D8.  list count = 0
[LOG] AsyncThread::threadFunc                  : Starting Asynchronous operation on sound 000002433804FEF8
[LOG] SystemI::createSoundInternal             :     Create name='FmodProj\Build\Desktop/Master.bank', mode=0x02010082
[LOG] SystemI::createSoundInternal             :     exinfo->cbsize             = 224
[LOG] SystemI::createSoundInternal             :     exinfo->length             = 14120576
[LOG] SystemI::createSoundInternal             :     exinfo->fileoffset         = 17440
[LOG] SystemI::createSoundInternal             :     exinfo->numsubsounds       = 1
[LOG] SystemI::createSoundInternal             :     exinfo->inclusionlist      = 0000024335340460
[LOG] SystemI::createSoundInternal             :     exinfo->inclusionlistnum   = 1
[LOG] SystemI::createSoundInternal             :     exinfo->suggestedsoundtype = 5
[LOG] SystemI::createSoundInternal             :     exinfo->initialseekposition = 19072
[LOG] SystemI::createSoundInternal             :     exinfo->initialseekpostype = 1
[LOG] SystemI::createSoundInternal             :     Stream 0/1: name='伴奏 Dec 22', format=2, channels=2, frequency=48000, lengthbytes=2810912, lengthpcm=10241280, pcmblocksize=0, loopstart=0, loopend=0, mode=0x00000000, channelmask=0x00000000, channelorder=0, peakvolume=0.999969.
[LOG] AsyncThread::threadFunc                  : Finished Asynchronous operation on sound 000002433804FEF8
[LOG] SoundI::getSubSound                      : sound 000002433804FEF8.  Subsound index 0 / 1
[LOG] SystemI::createSoundInternal             : Create name='', mode=0x02000202
[LOG] SystemI::createSoundInternal             : exinfo->cbsize             = 224
[LOG] SystemI::createSoundInternal             : exinfo->length             = 310624
[LOG] SystemI::createSoundInternal             : exinfo->fileoffset         = 33824
[LOG] SystemI::createSoundInternal             : exinfo->numsubsounds       = 1
[LOG] SystemI::createSoundInternal             : exinfo->inclusionlist      = 000000E6D977F04C
[LOG] SystemI::createSoundInternal             : exinfo->inclusionlistnum   = 1
[LOG] SystemI::createSoundInternal             : exinfo->suggestedsoundtype = 5
[LOG] SystemI::createSoundInternal             : exinfo->useropen           = 00007FF9D70CC2D0
[LOG] SystemI::createSoundInternal             : exinfo->userclose          = 00007FF9D70CC2A0
[LOG] SystemI::createSoundInternal             : exinfo->userread           = 00007FF9D70CC3A0
[LOG] SystemI::createSoundInternal             : exinfo->userseek           = 00007FF9D70CC460
[LOG] SystemI::createSoundInternal             : exinfo->fileuserdata       = 000002437F7938C8
[LOG] SystemI::createSoundInternal             : exinfo->initialseekpostype = 1
[LOG] SystemI::DSPCodecPoolRegister            : register codec pool for pool type 5
[LOG] SystemI::createSoundInternal             : Sample 0/1: name='c4', format=2, channels=2, frequency=48000, lengthbytes=8480, lengthpcm=33854, pcmblocksize=0, loopstart=0, loopend=0, mode=0x00000000, channelmask=0x00000000, channelorder=0, peakvolume=0.050964.
[LOG] SoundI::release                          : 伴奏 Dec 22 (000002433755E9B8)
[LOG] SoundI::release                          :     伴奏 Dec 22 (0000024333BB27A8)
[LOG] SoundI::release                          :     伴奏 Dec 22 (000002438C47B4F8)
[LOG] SystemI::createSound                     : filename = FmodProj\Build\Desktop/Master.bank : mode 02010082
[LOG] SystemI::createSound                     : FMOD_NONBLOCKING specified.  Putting into queue to be opened asynchronously!
[LOG] SystemI::createSound                     : setdata soundi = 00000243E4952E48 : node = 000002438BB21230
[LOG] SystemI::createSound                     : add node to async list : head = 0000024333BB47D8.  list count = 0
[LOG] AsyncThread::threadFunc                  : Starting Asynchronous operation on sound 00000243E4952E48
[LOG] SystemI::createSoundInternal             :     Create name='FmodProj\Build\Desktop/Master.bank', mode=0x02010082
[LOG] SystemI::createSoundInternal             :     exinfo->cbsize             = 224
[LOG] SystemI::createSoundInternal             :     exinfo->length             = 14120576
[LOG] SystemI::createSoundInternal             :     exinfo->fileoffset         = 17440
[LOG] SystemI::createSoundInternal             :     exinfo->numsubsounds       = 1
[LOG] SystemI::createSoundInternal             :     exinfo->inclusionlist      = 000002438BB21340
[LOG] SystemI::createSoundInternal             :     exinfo->inclusionlistnum   = 1
[LOG] SystemI::createSoundInternal             :     exinfo->suggestedsoundtype = 5
[LOG] SystemI::createSoundInternal             :     exinfo->initialseekposition = 20076
[LOG] SystemI::createSoundInternal             :     exinfo->initialseekpostype = 1
[LOG] SystemI::createSoundInternal             :     Stream 0/1: name='伴奏 Dec 22', format=2, channels=2, frequency=48000, lengthbytes=2810912, lengthpcm=10241280, pcmblocksize=0, loopstart=0, loopend=0, mode=0x00000000, channelmask=0x00000000, channelorder=0, peakvolume=0.999969.
[LOG] AsyncThread::threadFunc                  : Finished Asynchronous operation on sound 00000243E4952E48
[LOG] SoundI::getSubSound                      : sound 00000243E4952E48.  Subsound index 0 / 1
[LOG] SoundI::release                          : 伴奏 Dec 22 (000002433804FEF8)
[LOG] SoundI::release                          :     伴奏 Dec 22 (0000024333BB68A8)
[LOG] SoundI::release                          :     伴奏 Dec 22 (0000024387CB90B8)
[LOG] SystemI::createSound                     : filename = FmodProj\Build\Desktop/Master.bank : mode 02010082
[LOG] SystemI::createSound                     : FMOD_NONBLOCKING specified.  Putting into queue to be opened asynchronously!
[LOG] SystemI::createSound                     : setdata soundi = 0000024333C0F8D8 : node = 0000024384882560
[LOG] SystemI::createSound                     : add node to async list : head = 0000024333BB47D8.  list count = 0
[LOG] AsyncThread::threadFunc                  : Starting Asynchronous operation on sound 0000024333C0F8D8
[LOG] SystemI::createSoundInternal             :     Create name='FmodProj\Build\Desktop/Master.bank', mode=0x02010082
[LOG] SystemI::createSoundInternal             :     exinfo->cbsize             = 224
[LOG] SystemI::createSoundInternal             :     exinfo->length             = 14120576
[LOG] SystemI::createSoundInternal             :     exinfo->fileoffset         = 17440
[LOG] SystemI::createSoundInternal             :     exinfo->numsubsounds       = 1
[LOG] SystemI::createSoundInternal             :     exinfo->inclusionlist      = 0000024384882670
[LOG] SystemI::createSoundInternal             :     exinfo->inclusionlistnum   = 1
[LOG] SystemI::createSoundInternal             :     exinfo->suggestedsoundtype = 5
[LOG] SystemI::createSoundInternal             :     exinfo->initialseekposition = 21077
[LOG] SystemI::createSoundInternal             :     exinfo->initialseekpostype = 1
[LOG] SystemI::createSoundInternal             :     Stream 0/1: name='伴奏 Dec 22', format=2, channels=2, frequency=48000, lengthbytes=2810912, lengthpcm=10241280, pcmblocksize=0, loopstart=0, loopend=0, mode=0x00000000, channelmask=0x00000000, channelorder=0, peakvolume=0.999969.
[LOG] AsyncThread::threadFunc                  : Finished Asynchronous operation on sound 0000024333C0F8D8
[LOG] SoundI::getSubSound                      : sound 0000024333C0F8D8.  Subsound index 0 / 1
[LOG] SoundI::release                          : 伴奏 Dec 22 (00000243E4952E48)
[LOG] SoundI::release                          :     伴奏 Dec 22 (00000243352D4908)
[LOG] SoundI::release                          :     伴奏 Dec 22 (000002438C47B4F8)
[LOG] SystemI::createSound                     : filename = FmodProj\Build\Desktop/Master.bank : mode 02010082
[LOG] SystemI::createSound                     : FMOD_NONBLOCKING specified.  Putting into queue to be opened asynchronously!
[LOG] SystemI::createSound                     : setdata soundi = 00000243E49A2468 : node = 00000243E648DAD0
[LOG] SystemI::createSound                     : add node to async list : head = 0000024333BB47D8.  list count = 0
[LOG] AsyncThread::threadFunc                  : Starting Asynchronous operation on sound 00000243E49A2468
[LOG] SystemI::createSoundInternal             :     Create name='FmodProj\Build\Desktop/Master.bank', mode=0x02010082
[LOG] SystemI::createSoundInternal             :     exinfo->cbsize             = 224
[LOG] SystemI::createSoundInternal             :     exinfo->length             = 14120576
[LOG] SystemI::createSoundInternal             :     exinfo->fileoffset         = 17440
[LOG] SystemI::createSoundInternal             :     exinfo->numsubsounds       = 1
[LOG] SystemI::createSoundInternal             :     exinfo->inclusionlist      = 00000243E648DBE0
[LOG] SystemI::createSoundInternal             :     exinfo->inclusionlistnum   = 1
[LOG] SystemI::createSoundInternal             :     exinfo->suggestedsoundtype = 5
[LOG] SystemI::createSoundInternal             :     exinfo->initialseekposition = 22080
[LOG] SystemI::createSoundInternal             :     exinfo->initialseekpostype = 1
[LOG] SystemI::createSoundInternal             :     Stream 0/1: name='伴奏 Dec 22', format=2, channels=2, frequency=48000, lengthbytes=2810912, lengthpcm=10241280, pcmblocksize=0, loopstart=0, loopend=0, mode=0x00000000, channelmask=0x00000000, channelorder=0, peakvolume=0.999969.
[LOG] AsyncThread::threadFunc                  : Finished Asynchronous operation on sound 00000243E49A2468
[LOG] SoundI::getSubSound                      : sound 00000243E49A2468.  Subsound index 0 / 1
[LOG] SoundI::release                          : 伴奏 Dec 22 (0000024333C0F8D8)
[LOG] SoundI::release                          :     伴奏 Dec 22 (00000243352D7B68)
[LOG] SoundI::release                          :     伴奏 Dec 22 (000002433755F3D8)
[LOG] SystemI::createSoundInternal             : Create name='', mode=0x02000202
[LOG] SystemI::createSoundInternal             : exinfo->cbsize             = 224
[LOG] SystemI::createSoundInternal             : exinfo->length             = 310624
[LOG] SystemI::createSoundInternal             : exinfo->fileoffset         = 33824
[LOG] SystemI::createSoundInternal             : exinfo->numsubsounds       = 1
[LOG] SystemI::createSoundInternal             : exinfo->inclusionlist      = 000000E6D977F04C
[LOG] SystemI::createSoundInternal             : exinfo->inclusionlistnum   = 1
[LOG] SystemI::createSoundInternal             : exinfo->suggestedsoundtype = 5
[LOG] SystemI::createSoundInternal             : exinfo->useropen           = 00007FF9D70CC2D0
[LOG] SystemI::createSoundInternal             : exinfo->userclose          = 00007FF9D70CC2A0
[LOG] SystemI::createSoundInternal             : exinfo->userread           = 00007FF9D70CC3A0
[LOG] SystemI::createSoundInternal             : exinfo->userseek           = 00007FF9D70CC460
[LOG] SystemI::createSoundInternal             : exinfo->fileuserdata       = 000002437F7938C8
[LOG] SystemI::createSoundInternal             : exinfo->initialseekpostype = 1
[LOG] SystemI::DSPCodecPoolRegister            : register codec pool for pool type 5
[LOG] SystemI::createSoundInternal             : Sample 0/1: name='a-5', format=2, channels=2, frequency=48000, lengthbytes=8320, lengthpcm=35108, pcmblocksize=0, loopstart=0, loopend=0, mode=0x00000000, channelmask=0x00000000, channelorder=0, peakvolume=0.053925.
[LOG] SystemI::createSound                     : filename = FmodProj\Build\Desktop/Master.bank : mode 02010082
[LOG] SystemI::createSound                     : FMOD_NONBLOCKING specified.  Putting into queue to be opened asynchronously!
[LOG] SystemI::createSound                     : setdata soundi = 000002433755E9B8 : node = 00000243E5915FA0
[LOG] SystemI::createSound                     : add node to async list : head = 0000024333BB47D8.  list count = 0
[LOG] AsyncThread::threadFunc                  : Starting Asynchronous operation on sound 000002433755E9B8
[LOG] SystemI::createSoundInternal             :     Create name='FmodProj\Build\Desktop/Master.bank', mode=0x02010082
[LOG] SystemI::createSoundInternal             :     exinfo->cbsize             = 224
[LOG] SystemI::createSoundInternal             :     exinfo->length             = 14120576
[LOG] SystemI::createSoundInternal             :     exinfo->fileoffset         = 17440
[LOG] SystemI::createSoundInternal             :     exinfo->numsubsounds       = 1
[LOG] SystemI::createSoundInternal             :     exinfo->inclusionlist      = 00000243E59160B0
[LOG] SystemI::createSoundInternal             :     exinfo->inclusionlistnum   = 1
[LOG] SystemI::createSoundInternal             :     exinfo->suggestedsoundtype = 5
[LOG] SystemI::createSoundInternal             :     exinfo->initialseekposition = 23084
[LOG] SystemI::createSoundInternal             :     exinfo->initialseekpostype = 1
[LOG] SystemI::createSoundInternal             :     Stream 0/1: name='伴奏 Dec 22', format=2, channels=2, frequency=48000, lengthbytes=2810912, lengthpcm=10241280, pcmblocksize=0, loopstart=0, loopend=0, mode=0x00000000, channelmask=0x00000000, channelorder=0, peakvolume=0.999969.
[LOG] AsyncThread::threadFunc                  : Finished Asynchronous operation on sound 000002433755E9B8
[LOG] SoundI::getSubSound                      : sound 000002433755E9B8.  Subsound index 0 / 1
[LOG] SoundI::release                          : 伴奏 Dec 22 (00000243E49A2468)
[LOG] SoundI::release                          :     伴奏 Dec 22 (00000243352D6CC8)
[LOG] SoundI::release                          :     伴奏 Dec 22 (000002438C47AFE8)
[LOG] SystemI::createSound                     : filename = FmodProj\Build\Desktop/Master.bank : mode 02010082
[LOG] SystemI::createSound                     : FMOD_NONBLOCKING specified.  Putting into queue to be opened asynchronously!
[LOG] SystemI::createSound                     : setdata soundi = 000002433755ED18 : node = 00000243E5914F60
[LOG] SystemI::createSound                     : add node to async list : head = 0000024333BB47D8.  list count = 0
[LOG] AsyncThread::threadFunc                  : Starting Asynchronous operation on sound 000002433755ED18
[LOG] SystemI::createSoundInternal             :     Create name='FmodProj\Build\Desktop/Master.bank', mode=0x02010082
[LOG] SystemI::createSoundInternal             :     exinfo->cbsize             = 224
[LOG] SystemI::createSoundInternal             :     exinfo->length             = 14120576
[LOG] SystemI::createSoundInternal             :     exinfo->fileoffset         = 17440
[LOG] SystemI::createSoundInternal             :     exinfo->numsubsounds       = 1
[LOG] SystemI::createSoundInternal             :     exinfo->inclusionlist      = 00000243E5915070
[LOG] SystemI::createSoundInternal             :     exinfo->inclusionlistnum   = 1
[LOG] SystemI::createSoundInternal             :     exinfo->suggestedsoundtype = 5
[LOG] SystemI::createSoundInternal             :     exinfo->initialseekposition = 24092
[LOG] SystemI::createSoundInternal             :     exinfo->initialseekpostype = 1
[LOG] SystemI::createSoundInternal             :     Stream 0/1: name='伴奏 Dec 22', format=2, channels=2, frequency=48000, lengthbytes=2810912, lengthpcm=10241280, pcmblocksize=0, loopstart=0, loopend=0, mode=0x00000000, channelmask=0x00000000, channelorder=0, peakvolume=0.999969.
[LOG] AsyncThread::threadFunc                  : Finished Asynchronous operation on sound 000002433755ED18
[LOG] SoundI::getSubSound                      : sound 000002433755ED18.  Subsound index 0 / 1
[LOG] SystemI::createSoundInternal             : Create name='', mode=0x02000202
[LOG] SystemI::createSoundInternal             : exinfo->cbsize             = 224
[LOG] SystemI::createSoundInternal             : exinfo->length             = 310624
[LOG] SystemI::createSoundInternal             : exinfo->fileoffset         = 33824
[LOG] SystemI::createSoundInternal             : exinfo->numsubsounds       = 1
[LOG] SystemI::createSoundInternal             : exinfo->inclusionlist      = 000000E6D977F04C
[LOG] SystemI::createSoundInternal             : exinfo->inclusionlistnum   = 1
[LOG] SystemI::createSoundInternal             : exinfo->suggestedsoundtype = 5
[LOG] SystemI::createSoundInternal             : exinfo->useropen           = 00007FF9D70CC2D0
[LOG] SystemI::createSoundInternal             : exinfo->userclose          = 00007FF9D70CC2A0
[LOG] SystemI::createSoundInternal             : exinfo->userread           = 00007FF9D70CC3A0
[LOG] SystemI::createSoundInternal             : exinfo->userseek           = 00007FF9D70CC460
[LOG] SystemI::createSoundInternal             : exinfo->fileuserdata       = 000002437F793088
[LOG] SystemI::createSoundInternal             : exinfo->initialseekpostype = 1
[LOG] SystemI::DSPCodecPoolRegister            : register codec pool for pool type 5
[LOG] SystemI::createSoundInternal             : Sample 0/1: name='g-4', format=2, channels=2, frequency=48000, lengthbytes=8544, lengthpcm=33854, pcmblocksize=0, loopstart=0, loopend=0, mode=0x00000000, channelmask=0x00000000, channelorder=0, peakvolume=0.055450.
[LOG] SoundI::release                          : 伴奏 Dec 22 (000002433755E9B8)
[LOG] SoundI::release                          :     伴奏 Dec 22 (00000243352D7B68)
[LOG] SoundI::release                          :     伴奏 Dec 22 (000002438C47B4F8)
[LOG] SystemI::createSound                     : filename = FmodProj\Build\Desktop/Master.bank : mode 02010082
[LOG] SystemI::createSound                     : FMOD_NONBLOCKING specified.  Putting into queue to be opened asynchronously!
[LOG] SystemI::createSound                     : setdata soundi = 00000243E5B93AC8 : node = 000002438798A050
[LOG] SystemI::createSound                     : add node to async list : head = 0000024333BB47D8.  list count = 0
[LOG] AsyncThread::threadFunc                  : Starting Asynchronous operation on sound 00000243E5B93AC8
[LOG] SystemI::createSoundInternal             :     Create name='FmodProj\Build\Desktop/Master.bank', mode=0x02010082
[LOG] SystemI::createSoundInternal             :     exinfo->cbsize             = 224
[LOG] SystemI::createSoundInternal             :     exinfo->length             = 14120576
[LOG] SystemI::createSoundInternal             :     exinfo->fileoffset         = 17440
[LOG] SystemI::createSoundInternal             :     exinfo->numsubsounds       = 1
[LOG] SystemI::createSoundInternal             :     exinfo->inclusionlist      = 000002438798A160
[LOG] SystemI::createSoundInternal             :     exinfo->inclusionlistnum   = 1
[LOG] SystemI::createSoundInternal             :     exinfo->suggestedsoundtype = 5
[LOG] SystemI::createSoundInternal             :     exinfo->initialseekposition = 25093
[LOG] SystemI::createSoundInternal             :     exinfo->initialseekpostype = 1
[LOG] SystemI::createSoundInternal             :     Stream 0/1: name='伴奏 Dec 22', format=2, channels=2, frequency=48000, lengthbytes=2810912, lengthpcm=10241280, pcmblocksize=0, loopstart=0, loopend=0, mode=0x00000000, channelmask=0x00000000, channelorder=0, peakvolume=0.999969.
[LOG] AsyncThread::threadFunc                  : Finished Asynchronous operation on sound 00000243E5B93AC8
[LOG] SoundI::getSubSound                      : sound 00000243E5B93AC8.  Subsound index 0 / 1
[LOG] SoundI::release                          : 伴奏 Dec 22 (000002433755ED18)
[LOG] SoundI::release                          :     伴奏 Dec 22 (00000243352D4288)
[LOG] SoundI::release                          :     伴奏 Dec 22 (00000243E49A2468)
[LOG] SystemI::createSound                     : filename = FmodProj\Build\Desktop/Master.bank : mode 02010082
[LOG] SystemI::createSound                     : FMOD_NONBLOCKING specified.  Putting into queue to be opened asynchronously!
[LOG] SystemI::createSound                     : setdata soundi = 0000024388382678 : node = 0000024387989F10
[LOG] SystemI::createSound                     : add node to async list : head = 0000024333BB47D8.  list count = 0
[LOG] AsyncThread::threadFunc                  : Starting Asynchronous operation on sound 0000024388382678
[LOG] SystemI::createSoundInternal             :     Create name='FmodProj\Build\Desktop/Master.bank', mode=0x02010082
[LOG] SystemI::createSoundInternal             :     exinfo->cbsize             = 224
[LOG] SystemI::createSoundInternal             :     exinfo->length             = 14120576
[LOG] SystemI::createSoundInternal             :     exinfo->fileoffset         = 17440
[LOG] SystemI::createSoundInternal             :     exinfo->numsubsounds       = 1
[LOG] SystemI::createSoundInternal             :     exinfo->inclusionlist      = 000002438798A020
[LOG] SystemI::createSoundInternal             :     exinfo->inclusionlistnum   = 1
[LOG] SystemI::createSoundInternal             :     exinfo->suggestedsoundtype = 5
[LOG] SystemI::createSoundInternal             :     exinfo->initialseekposition = 26097
[LOG] SystemI::createSoundInternal             :     exinfo->initialseekpostype = 1
[LOG] SystemI::createSoundInternal             :     Stream 0/1: name='伴奏 Dec 22', format=2, channels=2, frequency=48000, lengthbytes=2810912, lengthpcm=10241280, pcmblocksize=0, loopstart=0, loopend=0, mode=0x00000000, channelmask=0x00000000, channelorder=0, peakvolume=0.999969.
[LOG] AsyncThread::threadFunc                  : Finished Asynchronous operation on sound 0000024388382678
[LOG] SoundI::getSubSound                      : sound 0000024388382678.  Subsound index 0 / 1
[LOG] SoundI::release                          : 伴奏 Dec 22 (00000243E5B93AC8)
[LOG] SoundI::release                          :     伴奏 Dec 22 (00000243352D7B68)
[LOG] SoundI::release                          :     伴奏 Dec 22 (000002438C47AFE8)
[LOG] SystemI::createSound                     : filename = FmodProj\Build\Desktop/Master.bank : mode 02010082
[LOG] SystemI::createSound                     : FMOD_NONBLOCKING specified.  Putting into queue to be opened asynchronously!
[LOG] SystemI::createSound                     : setdata soundi = 0000024388382828 : node = 000002438798A050
[LOG] SystemI::createSound                     : add node to async list : head = 0000024333BB47D8.  list count = 0
[LOG] AsyncThread::threadFunc                  : Starting Asynchronous operation on sound 0000024388382828
[LOG] SystemI::createSoundInternal             :     Create name='FmodProj\Build\Desktop/Master.bank', mode=0x02010082
[LOG] SystemI::createSoundInternal             :     exinfo->cbsize             = 224
[LOG] SystemI::createSoundInternal             :     exinfo->length             = 14120576
[LOG] SystemI::createSoundInternal             :     exinfo->fileoffset         = 17440
[LOG] SystemI::createSoundInternal             :     exinfo->numsubsounds       = 1
[LOG] SystemI::createSoundInternal             :     exinfo->inclusionlist      = 000002438798A160
[LOG] SystemI::createSoundInternal             :     exinfo->inclusionlistnum   = 1
[LOG] SystemI::createSoundInternal             :     exinfo->suggestedsoundtype = 5
[LOG] SystemI::createSoundInternal             :     exinfo->initialseekposition = 27104
[LOG] SystemI::createSoundInternal             :     exinfo->initialseekpostype = 1
[LOG] SystemI::createSoundInternal             :     Stream 0/1: name='伴奏 Dec 22', format=2, channels=2, frequency=48000, lengthbytes=2810912, lengthpcm=10241280, pcmblocksize=0, loopstart=0, loopend=0, mode=0x00000000, channelmask=0x00000000, channelorder=0, peakvolume=0.999969.
[LOG] AsyncThread::threadFunc                  : Finished Asynchronous operation on sound 0000024388382828
[LOG] SoundI::getSubSound                      : sound 0000024388382828.  Subsound index 0 / 1
[LOG] SoundI::release                          : 伴奏 Dec 22 (0000024388382678)
[LOG] SoundI::release                          :     伴奏 Dec 22 (00000243352D4288)
[LOG] SoundI::release                          :     伴奏 Dec 22 (000002438C47B4F8)
[LOG] SystemI::createSound                     : filename = FmodProj\Build\Desktop/Master.bank : mode 02010082
[LOG] SystemI::createSound                     : FMOD_NONBLOCKING specified.  Putting into queue to be opened asynchronously!
[LOG] SystemI::createSound                     : setdata soundi = 0000024388381FB8 : node = 0000024387989F10
[LOG] SystemI::createSound                     : add node to async list : head = 0000024333BB47D8.  list count = 0
[LOG] AsyncThread::threadFunc                  : Starting Asynchronous operation on sound 0000024388381FB8
[LOG] SystemI::createSoundInternal             :     Create name='FmodProj\Build\Desktop/Master.bank', mode=0x02010082
[LOG] SystemI::createSoundInternal             :     exinfo->cbsize             = 224
[LOG] SystemI::createSoundInternal             :     exinfo->length             = 14120576
[LOG] SystemI::createSoundInternal             :     exinfo->fileoffset         = 17440
[LOG] SystemI::createSoundInternal             :     exinfo->numsubsounds       = 1
[LOG] SystemI::createSoundInternal             :     exinfo->inclusionlist      = 000002438798A020
[LOG] SystemI::createSoundInternal             :     exinfo->inclusionlistnum   = 1
[LOG] SystemI::createSoundInternal             :     exinfo->suggestedsoundtype = 5
[LOG] SystemI::createSoundInternal             :     exinfo->initialseekposition = 28104
[LOG] SystemI::createSoundInternal             :     exinfo->initialseekpostype = 1
[LOG] SystemI::createSoundInternal             :     Stream 0/1: name='伴奏 Dec 22', format=2, channels=2, frequency=48000, lengthbytes=2810912, lengthpcm=10241280, pcmblocksize=0, loopstart=0, loopend=0, mode=0x00000000, channelmask=0x00000000, channelorder=0, peakvolume=0.999969.
[LOG] AsyncThread::threadFunc                  : Finished Asynchronous operation on sound 0000024388381FB8
[LOG] SoundI::getSubSound                      : sound 0000024388381FB8.  Subsound index 0 / 1
[LOG] SoundI::release                          : 伴奏 Dec 22 (0000024388382828)
[LOG] SoundI::release                          :     伴奏 Dec 22 (00000243352D5948)
[LOG] SoundI::release                          :     伴奏 Dec 22 (000002438C47B348)
[LOG] SystemI::createSound                     : filename = FmodProj\Build\Desktop/Master.bank : mode 02010082
[LOG] SystemI::createSound                     : FMOD_NONBLOCKING specified.  Putting into queue to be opened asynchronously!
[LOG] SystemI::createSound                     : setdata soundi = 000002433755F3D8 : node = 00000243E59156E0
[LOG] SystemI::createSound                     : add node to async list : head = 0000024333BB47D8.  list count = 0
[LOG] AsyncThread::threadFunc                  : Starting Asynchronous operation on sound 000002433755F3D8
[LOG] SystemI::createSoundInternal             :     Create name='FmodProj\Build\Desktop/Master.bank', mode=0x02010082
[LOG] SystemI::createSoundInternal             :     exinfo->cbsize             = 224
[LOG] SystemI::createSoundInternal             :     exinfo->length             = 14120576
[LOG] SystemI::createSoundInternal             :     exinfo->fileoffset         = 17440
[LOG] SystemI::createSoundInternal             :     exinfo->numsubsounds       = 1
[LOG] SystemI::createSoundInternal             :     exinfo->inclusionlist      = 00000243E59157F0
[LOG] SystemI::createSoundInternal             :     exinfo->inclusionlistnum   = 1
[LOG] SystemI::createSoundInternal             :     exinfo->suggestedsoundtype = 5
[LOG] SystemI::createSoundInternal             :     exinfo->initialseekposition = 29108
[LOG] SystemI::createSoundInternal             :     exinfo->initialseekpostype = 1
[LOG] SystemI::createSoundInternal             :     Stream 0/1: name='伴奏 Dec 22', format=2, channels=2, frequency=48000, lengthbytes=2810912, lengthpcm=10241280, pcmblocksize=0, loopstart=0, loopend=0, mode=0x00000000, channelmask=0x00000000, channelorder=0, peakvolume=0.999969.
[LOG] AsyncThread::threadFunc                  : Finished Asynchronous operation on sound 000002433755F3D8
[LOG] SoundI::getSubSound                      : sound 000002433755F3D8.  Subsound index 0 / 1
[LOG] SoundI::release                          : 伴奏 Dec 22 (0000024388381FB8)
[LOG] SoundI::release                          :     伴奏 Dec 22 (00000243352D3588)
[LOG] SoundI::release                          :     伴奏 Dec 22 (000002433755FDF8)
[LOG] SystemI::createSound                     : filename = FmodProj\Build\Desktop/Master.bank : mode 02010082
[LOG] SystemI::createSound                     : FMOD_NONBLOCKING specified.  Putting into queue to be opened asynchronously!
[LOG] SystemI::createSound                     : setdata soundi = 000002433755FA98 : node = 00000243E5914F60
[LOG] SystemI::createSound                     : add node to async list : head = 0000024333BB47D8.  list count = 0
[LOG] AsyncThread::threadFunc                  : Starting Asynchronous operation on sound 000002433755FA98
[LOG] SystemI::createSoundInternal             :     Create name='FmodProj\Build\Desktop/Master.bank', mode=0x02010082
[LOG] SystemI::createSoundInternal             :     exinfo->cbsize             = 224
[LOG] SystemI::createSoundInternal             :     exinfo->length             = 14120576
[LOG] SystemI::createSoundInternal             :     exinfo->fileoffset         = 17440
[LOG] SystemI::createSoundInternal             :     exinfo->numsubsounds       = 1
[LOG] SystemI::createSoundInternal             :     exinfo->inclusionlist      = 00000243E5915070
[LOG] SystemI::createSoundInternal             :     exinfo->inclusionlistnum   = 1
[LOG] SystemI::createSoundInternal             :     exinfo->suggestedsoundtype = 5
[LOG] SystemI::createSoundInternal             :     exinfo->initialseekposition = 30109
[LOG] SystemI::createSoundInternal             :     exinfo->initialseekpostype = 1
[LOG] SystemI::createSoundInternal             :     Stream 0/1: name='伴奏 Dec 22', format=2, channels=2, frequency=48000, lengthbytes=2810912, lengthpcm=10241280, pcmblocksize=0, loopstart=0, loopend=0, mode=0x00000000, channelmask=0x00000000, channelorder=0, peakvolume=0.999969.
[LOG] AsyncThread::threadFunc                  : Finished Asynchronous operation on sound 000002433755FA98
[LOG] SoundI::getSubSound                      : sound 000002433755FA98.  Subsound index 0 / 1
[LOG] SoundI::release                          : 伴奏 Dec 22 (000002433755F3D8)
[LOG] SoundI::release                          :     伴奏 Dec 22 (00000243352D6CC8)
[LOG] SoundI::release                          :     伴奏 Dec 22 (00000243E49A2468)
[LOG] SystemI::createSound                     : filename = FmodProj\Build\Desktop/Master.bank : mode 02010082
[LOG] SystemI::createSound                     : FMOD_NONBLOCKING specified.  Putting into queue to be opened asynchronously!
[LOG] SystemI::createSound                     : setdata soundi = 00000243814ADE88 : node = 00000243E65423C0
[LOG] SystemI::createSound                     : add node to async list : head = 0000024333BB47D8.  list count = 0
[LOG] AsyncThread::threadFunc                  : Starting Asynchronous operation on sound 00000243814ADE88
[LOG] SystemI::createSoundInternal             :     Create name='FmodProj\Build\Desktop/Master.bank', mode=0x02010082
[LOG] SystemI::createSoundInternal             :     exinfo->cbsize             = 224
[LOG] SystemI::createSoundInternal             :     exinfo->length             = 14120576
[LOG] SystemI::createSoundInternal             :     exinfo->fileoffset         = 17440
[LOG] SystemI::createSoundInternal             :     exinfo->numsubsounds       = 1
[LOG] SystemI::createSoundInternal             :     exinfo->inclusionlist      = 00000243E65424D0
[LOG] SystemI::createSoundInternal             :     exinfo->inclusionlistnum   = 1
[LOG] SystemI::createSoundInternal             :     exinfo->suggestedsoundtype = 5
[LOG] SystemI::createSoundInternal             :     exinfo->initialseekposition = 31114
[LOG] SystemI::createSoundInternal             :     exinfo->initialseekpostype = 1
[LOG] SystemI::createSoundInternal             :     Stream 0/1: name='伴奏 Dec 22', format=2, channels=2, frequency=48000, lengthbytes=2810912, lengthpcm=10241280, pcmblocksize=0, loopstart=0, loopend=0, mode=0x00000000, channelmask=0x00000000, channelorder=0, peakvolume=0.999969.
[LOG] AsyncThread::threadFunc                  : Finished Asynchronous operation on sound 00000243814ADE88
[LOG] SoundI::getSubSound                      : sound 00000243814ADE88.  Subsound index 0 / 1
[LOG] SoundI::release                          : 伴奏 Dec 22 (000002433755FA98)
[LOG] SoundI::release                          :     伴奏 Dec 22 (00000243352D3588)
[LOG] SoundI::release                          :     伴奏 Dec 22 (000002438C47AFE8)
[LOG] SoundI::release                          : 伴奏 Dec 22 (00000243814ADE88)
[LOG] SoundI::release                          :     伴奏 Dec 22 (00000243352D4288)
[LOG] SoundI::release                          :     伴奏 Dec 22 (000002433755F3D8)
[LOG] SoundI::release                          :  (000002431A9BE168)
[LOG] SoundI::release                          :     a4 (0000024333BB0A68)
[LOG] SoundI::release                          :  (000002431A9BE2D8)
[LOG] SoundI::release                          :     f-4 (0000024333BB1428)
[LOG] SoundI::release                          :  (000002431A9BF138)
[LOG] SoundI::release                          :     c4 (00000243352D6B28)
[LOG] SoundI::release                          :  (000002431A9BF868)
[LOG] SoundI::release                          :     a-5 (00000243352D33E8)
[LOG] SoundI::release                          :  (000002431A9BDA38)
[LOG] SoundI::release                          :     g-3 (0000024333BAFA28)
[LOG] SoundI::release                          :  (000002431A9C1528)
[LOG] SoundI::release                          :     g-4 (00000243352D57A8)
[LOG] SoundI::release                          :  (000002431A9BDBA8)
[LOG] SoundI::release                          :     f4 (0000024333BAFBC8)
[LOG] SoundI::release                          :  (000002431A9BEE58)
[LOG] SoundI::release                          :     c-4 (0000024333BB6568)
[LOG] SoundI::release                          :  (000002431A9BECE8)
[LOG] SoundI::release                          :     d-4 (0000024333BB1768)
[LOG] Thread::callback                         : FMOD Studio update thread finished.
[LOG] Thread::callback                         : FMOD Studio bank load thread finished.
[LOG] Profile::disconnectAll                   : Profiler disconnecting all clients
[LOG] Thread::callback                         : FMOD Studio sample load thread finished.
[LOG] LiveUpdate::release                      : 
[LOG] LiveUpdate::reset                        : Reset connection (reason Disconnected)
[LOG] Thread::callback                         : FMOD stream thread finished.
[LOG] Thread::callback                         : FMOD mixer thread finished.
[LOG] Profile::disconnectAll                   : Profiler disconnecting all clients
[LOG] SystemI::close                           : Closed.
